#! /c/Source/iverilog-install/bin/vvp
:ivl_version "12.0 (devel)" "(s20150603-1539-g2693dd32b)";
:ivl_delay_selection "TYPICAL";
:vpi_time_precision + 0;
:vpi_module "C:\iverilog\lib\ivl\system.vpi";
:vpi_module "C:\iverilog\lib\ivl\vhdl_sys.vpi";
:vpi_module "C:\iverilog\lib\ivl\vhdl_textio.vpi";
:vpi_module "C:\iverilog\lib\ivl\v2005_math.vpi";
:vpi_module "C:\iverilog\lib\ivl\va_math.vpi";
S_0000019d0a2db5e0 .scope module, "tb_stall_branch" "tb_stall_branch" 2 1;
 .timescale 0 0;
v0000019d0a2d35e0_0 .net "ACC", 7 0, v0000019d0a286c30_0;  1 drivers
v0000019d0a2d3ef0_0 .var "clk", 0 0;
v0000019d0a2d3950_0 .var "reset", 0 0;
S_0000019d0a2db770 .scope module, "DUT" "pipeline_stall_branch_cpu" 2 7, 3 1 0, S_0000019d0a2db5e0;
 .timescale 0 0;
    .port_info 0 /INPUT 1 "clk";
    .port_info 1 /INPUT 1 "reset";
    .port_info 2 /OUTPUT 8 "ACC";
P_0000019d0a2895c0 .param/l "ADD" 0 3 21, C4<0001>;
P_0000019d0a2895f8 .param/l "JUMP" 0 3 24, C4<0101>;
P_0000019d0a289630 .param/l "LOAD" 0 3 23, C4<0011>;
P_0000019d0a289668 .param/l "SUB" 0 3 22, C4<0010>;
v0000019d0a286c30_0 .var "ACC", 7 0;
v0000019d0a2867b0_0 .var "EX_IR", 7 0;
v0000019d0a2db900_0 .net "EX_opcode", 3 0, L_0000019d0a2d43f0;  1 drivers
v0000019d0a2db9a0_0 .net "EX_operand", 3 0, L_0000019d0a2d39f0;  1 drivers
v0000019d0a2d30e0_0 .var "IF_IR", 7 0;
v0000019d0a2d3180_0 .var "PC", 3 0;
v0000019d0a2d3220_0 .net "clk", 0 0, v0000019d0a2d3ef0_0;  1 drivers
v0000019d0a2d32c0 .array "data_mem", 15 0, 7 0;
v0000019d0a2d3360_0 .var "flush", 0 0;
v0000019d0a2d3400 .array "program", 15 0, 7 0;
v0000019d0a2d34a0_0 .net "reset", 0 0, v0000019d0a2d3950_0;  1 drivers
v0000019d0a2d3540_0 .var "stall", 0 0;
E_0000019d0a28b4d0 .event posedge, v0000019d0a2d34a0_0, v0000019d0a2d3220_0;
L_0000019d0a2d43f0 .part v0000019d0a2867b0_0, 4, 4;
L_0000019d0a2d39f0 .part v0000019d0a2867b0_0, 0, 4;
    .scope S_0000019d0a2db770;
T_0 ;
    %pushi/vec4 50, 0, 8;
    %ix/load 4, 0, 0;
    %flag_set/imm 4, 0;
    %store/vec4a v0000019d0a2d3400, 4, 0;
    %pushi/vec4 17, 0, 8;
    %ix/load 4, 1, 0;
    %flag_set/imm 4, 0;
    %store/vec4a v0000019d0a2d3400, 4, 0;
    %pushi/vec4 84, 0, 8;
    %ix/load 4, 2, 0;
    %flag_set/imm 4, 0;
    %store/vec4a v0000019d0a2d3400, 4, 0;
    %pushi/vec4 18, 0, 8;
    %ix/load 4, 3, 0;
    %flag_set/imm 4, 0;
    %store/vec4a v0000019d0a2d3400, 4, 0;
    %pushi/vec4 33, 0, 8;
    %ix/load 4, 4, 0;
    %flag_set/imm 4, 0;
    %store/vec4a v0000019d0a2d3400, 4, 0;
    %pushi/vec4 5, 0, 8;
    %ix/load 4, 2, 0;
    %flag_set/imm 4, 0;
    %store/vec4a v0000019d0a2d32c0, 4, 0;
    %end;
    .thread T_0;
    .scope S_0000019d0a2db770;
T_1 ;
    %wait E_0000019d0a28b4d0;
    %load/vec4 v0000019d0a2d34a0_0;
    %flag_set/vec4 8;
    %jmp/0xz  T_1.0, 8;
    %pushi/vec4 0, 0, 4;
    %assign/vec4 v0000019d0a2d3180_0, 0;
    %pushi/vec4 0, 0, 8;
    %assign/vec4 v0000019d0a286c30_0, 0;
    %pushi/vec4 0, 0, 8;
    %assign/vec4 v0000019d0a2d30e0_0, 0;
    %pushi/vec4 0, 0, 8;
    %assign/vec4 v0000019d0a2867b0_0, 0;
    %pushi/vec4 0, 0, 1;
    %assign/vec4 v0000019d0a2d3540_0, 0;
    %pushi/vec4 0, 0, 1;
    %assign/vec4 v0000019d0a2d3360_0, 0;
    %jmp T_1.1;
T_1.0 ;
    %load/vec4 v0000019d0a2db900_0;
    %cmpi/e 3, 0, 4;
    %jmp/0xz  T_1.2, 4;
    %pushi/vec4 1, 0, 1;
    %assign/vec4 v0000019d0a2d3540_0, 0;
    %jmp T_1.3;
T_1.2 ;
    %pushi/vec4 0, 0, 1;
    %assign/vec4 v0000019d0a2d3540_0, 0;
T_1.3 ;
    %load/vec4 v0000019d0a2d3540_0;
    %nor/r;
    %flag_set/vec4 8;
    %jmp/0xz  T_1.4, 8;
    %load/vec4 v0000019d0a2d3180_0;
    %pad/u 6;
    %ix/vec4 4;
    %load/vec4a v0000019d0a2d3400, 4;
    %assign/vec4 v0000019d0a2d30e0_0, 0;
    %load/vec4 v0000019d0a2d3180_0;
    %addi 1, 0, 4;
    %assign/vec4 v0000019d0a2d3180_0, 0;
T_1.4 ;
    %load/vec4 v0000019d0a2d3540_0;
    %nor/r;
    %flag_set/vec4 8;
    %jmp/0xz  T_1.6, 8;
    %load/vec4 v0000019d0a2d30e0_0;
    %assign/vec4 v0000019d0a2867b0_0, 0;
T_1.6 ;
    %pushi/vec4 0, 0, 1;
    %assign/vec4 v0000019d0a2d3360_0, 0;
    %load/vec4 v0000019d0a2db900_0;
    %dup/vec4;
    %pushi/vec4 3, 0, 4;
    %cmp/u;
    %jmp/1 T_1.8, 6;
    %dup/vec4;
    %pushi/vec4 1, 0, 4;
    %cmp/u;
    %jmp/1 T_1.9, 6;
    %dup/vec4;
    %pushi/vec4 2, 0, 4;
    %cmp/u;
    %jmp/1 T_1.10, 6;
    %dup/vec4;
    %pushi/vec4 5, 0, 4;
    %cmp/u;
    %jmp/1 T_1.11, 6;
    %jmp T_1.12;
T_1.8 ;
    %load/vec4 v0000019d0a2db9a0_0;
    %pad/u 6;
    %ix/vec4 4;
    %load/vec4a v0000019d0a2d32c0, 4;
    %assign/vec4 v0000019d0a286c30_0, 0;
    %jmp T_1.12;
T_1.9 ;
    %load/vec4 v0000019d0a286c30_0;
    %load/vec4 v0000019d0a2db9a0_0;
    %pad/u 8;
    %add;
    %assign/vec4 v0000019d0a286c30_0, 0;
    %jmp T_1.12;
T_1.10 ;
    %load/vec4 v0000019d0a286c30_0;
    %load/vec4 v0000019d0a2db9a0_0;
    %pad/u 8;
    %sub;
    %assign/vec4 v0000019d0a286c30_0, 0;
    %jmp T_1.12;
T_1.11 ;
    %load/vec4 v0000019d0a2db9a0_0;
    %assign/vec4 v0000019d0a2d3180_0, 0;
    %pushi/vec4 1, 0, 1;
    %assign/vec4 v0000019d0a2d3360_0, 0;
    %jmp T_1.12;
T_1.12 ;
    %pop/vec4 1;
    %load/vec4 v0000019d0a2d3360_0;
    %flag_set/vec4 8;
    %jmp/0xz  T_1.13, 8;
    %pushi/vec4 0, 0, 8;
    %assign/vec4 v0000019d0a2d30e0_0, 0;
T_1.13 ;
T_1.1 ;
    %jmp T_1;
    .thread T_1;
    .scope S_0000019d0a2db5e0;
T_2 ;
    %pushi/vec4 0, 0, 1;
    %store/vec4 v0000019d0a2d3ef0_0, 0, 1;
    %pushi/vec4 1, 0, 1;
    %store/vec4 v0000019d0a2d3950_0, 0, 1;
    %end;
    .thread T_2;
    .scope S_0000019d0a2db5e0;
T_3 ;
    %delay 5, 0;
    %load/vec4 v0000019d0a2d3ef0_0;
    %inv;
    %store/vec4 v0000019d0a2d3ef0_0, 0, 1;
    %jmp T_3;
    .thread T_3;
    .scope S_0000019d0a2db5e0;
T_4 ;
    %delay 10, 0;
    %pushi/vec4 0, 0, 1;
    %store/vec4 v0000019d0a2d3950_0, 0, 1;
    %delay 250, 0;
    %vpi_call 2 17 "$finish" {0 0 0};
    %end;
    .thread T_4;
# The file index is used to find the file name in the following table.
:file_names 4;
    "N/A";
    "<interactive>";
    "tb.v";
    "pipeline_stall_branch.v";
